<?xml version="1.0" encoding="utf-8"?><testsuites name="pytest tests"><testsuite name="pytest" errors="0" failures="0" skipped="1" tests="12" time="91.337" timestamp="2026-09-20T12:19:01.520741+00:00" hostname="agent-env-fa13a70c-90ab-4367-b0be-b06a8510e802"><testcase classname="tests.backend_test" name="test_channels_are_three_real" time="0.246" /><testcase classname="tests.backend_test" name="test_xqc_clips_are_vod_sourced" time="0.066" /><testcase classname="tests.backend_test" name="test_sync_kaicenat_creates_vod_clips" time="0.319"><skipped type="pytest.skip" message="kaicenat has no past broadcasts right now: {&quot;detail&quot;:&quot;KaiCenat has no past broadcasts available to clip from. Twitch only keeps VODs for a limited time.&quot;}">/app/backend/tests/backend_test.py:105: kaicenat has no past broadcasts right now: {"detail":"KaiCenat has no past broadcasts available to clip from. Twitch only keeps VODs for a limited time."}</skipped></testcase><testcase classname="tests.backend_test" name="test_get_clips_filter_channel" time="0.065" /><testcase classname="tests.backend_test" name="test_clip_thumb" time="0.125" /><testcase classname="tests.backend_test" name="test_prepare_returns_render_status" time="0.120" /><testcase classname="tests.backend_test" name="test_prepare_unknown_404" time="0.058" /><testcase classname="tests.backend_test" name="test_get_clip_video_is_real_916_mp4" time="45.603" /><testcase classname="tests.backend_test" name="test_get_clip_video_not_found" time="0.057" /><testcase classname="tests.backend_test" name="test_delete_single_clip" time="0.179" /><testcase classname="tests.backend_test" name="test_delete_per_channel" time="0.301" /><testcase classname="tests.backend_test" name="test_z_delete_all_clips" time="44.110" /></testsuite></testsuites>