<?xml version="1.0" encoding="utf-8"?><testsuites name="pytest tests"><testsuite name="pytest" errors="0" failures="1" skipped="0" tests="15" time="67.012" timestamp="2026-09-20T00:11:31.046440+00:00" hostname="agent-env-fa13a70c-90ab-4367-b0be-b06a8510e802"><testcase classname="tests.backend_test" name="test_seed_demo" time="0.266" /><testcase classname="tests.backend_test" name="test_list_channels" time="0.073" /><testcase classname="tests.backend_test" name="test_list_clips_all" time="0.072" /><testcase classname="tests.backend_test" name="test_list_clips_filtered" time="0.069" /><testcase classname="tests.backend_test" name="test_settings" time="0.073" /><testcase classname="tests.backend_test" name="test_regenerate_clip_ai" time="4.189" /><testcase classname="tests.backend_test" name="test_patch_clip" time="0.145" /><testcase classname="tests.backend_test" name="test_patch_channel_clips_per_day" time="0.075" /><testcase classname="tests.backend_test" name="test_channel_live_demo" time="0.076" /><testcase classname="tests.backend_test" name="test_sync_demo_returns_400" time="0.075" /><testcase classname="tests.backend_test" name="test_add_channel_invalid" time="0.070" /><testcase classname="tests.backend_test" name="test_add_channel_no_twitch_configured" time="0.143" /><testcase classname="tests.backend_test" name="test_download_demo_clip_returns_400" time="0.146" /><testcase classname="tests.backend_test" name="test_download_e2e_real_vertical_render" time="60.066"><failure message="AssertionError: got 502: &lt;!DOCTYPE html&gt;&#10;  &lt;!--[if lt IE 7]&gt; &lt;html class=&quot;no-js ie6 oldie&quot; lang=&quot;en-US&quot;&gt; &lt;![endif]--&gt;&#10;  &lt;!--[if IE 7]&gt;    &lt;html class=&quot;no-js ie7 oldie&quot; lang=&quot;en-US&quot;&gt; &lt;![endif]--&gt;&#10;  &lt;!--[if IE 8]&gt;    &lt;html class=&quot;no-js ie8 oldie&quot; lang=&quot;en-US&quot;&gt; &lt;![endif]--&gt;&#10;  &lt;!--[if gt IE 8]&gt;&lt;!--&gt; &lt;html class=&quot;no-js&quot; lang=&quot;en-US&quot;&gt; &lt;!&#10;assert 502 == 200&#10; +  where 502 = &lt;Response [502]&gt;.status_code">backend/tests/backend_test.py:168: in test_download_e2e_real_vertical_render
    assert r.status_code == 200, f"got {r.status_code}: {r.text[:300]}"
E   AssertionError: got 502: &lt;!DOCTYPE html&gt;
E     &lt;!--[if lt IE 7]&gt; &lt;html class="no-js ie6 oldie" lang="en-US"&gt; &lt;![endif]--&gt;
E     &lt;!--[if IE 7]&gt;    &lt;html class="no-js ie7 oldie" lang="en-US"&gt; &lt;![endif]--&gt;
E     &lt;!--[if IE 8]&gt;    &lt;html class="no-js ie8 oldie" lang="en-US"&gt; &lt;![endif]--&gt;
E     &lt;!--[if gt IE 8]&gt;&lt;!--&gt; &lt;html class="no-js" lang="en-US"&gt; &lt;!
E   assert 502 == 200
E    +  where 502 = &lt;Response [502]&gt;.status_code</failure></testcase><testcase classname="tests.backend_test" name="test_zz_delete_clip_and_channel" time="0.872" /></testsuite></testsuites>